0 verbose cli C:\Program Files\nodejs\node.exe C:\Program Files\nodejs\node_modules\npm\bin\npm-cli.js
1 info using npm@9.8.0
2 info using node@v20.5.0
3 timing npm:load:whichnode Completed in 2ms
4 timing config:load:defaults Completed in 2ms
5 timing config:load:file:C:\Program Files\nodejs\node_modules\npm\npmrc Completed in 2ms
6 timing config:load:builtin Completed in 2ms
7 timing config:load:cli Completed in 1ms
8 timing config:load:env Completed in 0ms
9 timing config:load:file:C:\Users\Harlan Heilman\CarbonLab\RSOXS_DB\.npmrc Completed in 0ms
10 timing config:load:project Completed in 1ms
11 timing config:load:file:C:\Users\Harlan Heilman\.npmrc Completed in 0ms
12 timing config:load:user Completed in 1ms
13 timing config:load:file:C:\Users\Harlan Heilman\AppData\Roaming\npm\etc\npmrc Completed in 0ms
14 timing config:load:global Completed in 0ms
15 timing config:load:setEnvs Completed in 0ms
16 timing config:load Completed in 7ms
17 timing npm:load:configload Completed in 8ms
18 timing config:load:flatten Completed in 1ms
19 timing npm:load:mkdirpcache Completed in 1ms
20 timing npm:load:mkdirplogs Completed in 0ms
21 verbose title npm exec create-react-app my-app\
22 verbose argv "exec" "--" "create-react-app" "my-app\\"
23 timing npm:load:setTitle Completed in 1ms
24 timing npm:load:display Completed in 0ms
25 verbose logfile logs-max:10 dir:C:\Users\Harlan Heilman\AppData\Local\npm-cache\_logs\2023-08-09T21_31_34_955Z-
26 verbose logfile C:\Users\Harlan Heilman\AppData\Local\npm-cache\_logs\2023-08-09T21_31_34_955Z-debug-0.log
27 timing npm:load:logFile Completed in 6ms
28 timing npm:load:timers Completed in 0ms
29 timing npm:load:configScope Completed in 0ms
30 timing npm:load Completed in 40ms
31 timing arborist:ctor Completed in 0ms
32 silly logfile done cleaning log files
33 http fetch GET 200 https://registry.npmjs.org/create-react-app 137ms (cache revalidated)
34 timing arborist:ctor Completed in 0ms
35 timing command:exec Completed in 154ms
36 verbose stack Error: ENOENT: no such file or directory, lstat 'C:\Users\Harlan Heilman\AppData\Roaming\npm'
37 verbose cwd C:\Users\Harlan Heilman\CarbonLab\RSOXS_DB
38 verbose Windows_NT 10.0.22631
39 verbose node v20.5.0
40 verbose npm  v9.8.0
41 error code ENOENT
42 error syscall lstat
43 error path C:\Users\Harlan Heilman\AppData\Roaming\npm
44 error errno -4058
45 error enoent ENOENT: no such file or directory, lstat 'C:\Users\Harlan Heilman\AppData\Roaming\npm'
46 error enoent This is related to npm not being able to find a file.
46 error enoent
47 verbose exit -4058
48 timing npm Completed in 437ms
49 verbose code -4058
50 error A complete log of this run can be found in: C:\Users\Harlan Heilman\AppData\Local\npm-cache\_logs\2023-08-09T21_31_34_955Z-debug-0.log
