0 verbose cli C:\Program Files\nodejs\node.exe C:\Program Files\nodejs\node_modules\npm\bin\npm-cli.js
1 info using npm@9.6.7
2 info using node@v18.17.0
3 timing npm:load:whichnode Completed in 1ms
4 timing config:load:defaults Completed in 1ms
5 timing config:load:file:C:\Program Files\nodejs\node_modules\npm\npmrc Completed in 2ms
6 timing config:load:builtin Completed in 3ms
7 timing config:load:cli Completed in 1ms
8 timing config:load:env Completed in 0ms
9 timing config:load:file:C:\Users\Harlan Heilman\CarbonLab\RSOXS_DB\.npmrc Completed in 0ms
10 timing config:load:project Completed in 1ms
11 timing config:load:file:C:\Users\Harlan Heilman\.npmrc Completed in 0ms
12 timing config:load:user Completed in 1ms
13 timing config:load:file:C:\Users\Harlan Heilman\AppData\Roaming\npm\etc\npmrc Completed in 0ms
14 timing config:load:global Completed in 0ms
15 timing config:load:setEnvs Completed in 0ms
16 timing config:load Completed in 7ms
17 timing npm:load:configload Completed in 7ms
18 timing npm:load:mkdirpcache Completed in 1ms
19 timing npm:load:mkdirplogs Completed in 0ms
20 verbose title npm exec create-next-app
21 verbose argv "exec" "--" "create-next-app"
22 timing npm:load:setTitle Completed in 1ms
23 timing config:load:flatten Completed in 2ms
24 timing npm:load:display Completed in 2ms
25 verbose logfile logs-max:10 dir:C:\Users\Harlan Heilman\AppData\Local\npm-cache\_logs\2023-08-09T21_22_39_092Z-
26 verbose logfile C:\Users\Harlan Heilman\AppData\Local\npm-cache\_logs\2023-08-09T21_22_39_092Z-debug-0.log
27 timing npm:load:logFile Completed in 7ms
28 timing npm:load:timers Completed in 0ms
29 timing npm:load:configScope Completed in 0ms
30 timing npm:load Completed in 19ms
31 timing arborist:ctor Completed in 0ms
32 silly logfile done cleaning log files
33 http fetch GET 200 https://registry.npmjs.org/npm 174ms (cache miss)
34 http fetch GET 200 https://registry.npmjs.org/create-next-app 174ms (cache miss)
35 timing arborist:ctor Completed in 0ms
36 timing command:exec Completed in 230ms
37 notice
37 notice New [33mminor[39m version of npm available! [31m9.6.7[39m -> [32m9.8.1[39m
37 notice Changelog: [36mhttps://github.com/npm/cli/releases/tag/v9.8.1[39m
37 notice Run [32mnpm install -g npm@9.8.1[39m to update!
37 notice
38 verbose stack Error: ENOENT: no such file or directory, lstat 'C:\Users\Harlan Heilman\AppData\Roaming\npm'
39 verbose cwd C:\Users\Harlan Heilman\CarbonLab\RSOXS_DB
40 verbose Windows_NT 10.0.22631
41 verbose node v18.17.0
42 verbose npm  v9.6.7
43 error code ENOENT
44 error syscall lstat
45 error path C:\Users\Harlan Heilman\AppData\Roaming\npm
46 error errno -4058
47 error enoent ENOENT: no such file or directory, lstat 'C:\Users\Harlan Heilman\AppData\Roaming\npm'
48 error enoent This is related to npm not being able to find a file.
48 error enoent
49 verbose exit -4058
50 timing npm Completed in 510ms
51 verbose code -4058
52 error A complete log of this run can be found in: C:\Users\Harlan Heilman\AppData\Local\npm-cache\_logs\2023-08-09T21_22_39_092Z-debug-0.log
